2018-01-31 09:17:36.756 [AMQP Connection 192.168.1.223:5672] ERROR o.s.a.rabbit.connection.CachingConnectionFactory - Channel shutdown: connection error
2018-01-31 09:17:36.775 [AMQP Connection 192.168.1.223:5672] ERROR o.s.a.rabbit.connection.CachingConnectionFactory - Channel shutdown: connection error
2018-01-31 09:17:36.775 [AMQP Connection 192.168.1.223:5672] ERROR o.s.a.rabbit.connection.CachingConnectionFactory - Channel shutdown: connection error
2018-01-31 09:17:36.775 [AMQP Connection 192.168.1.223:5672] ERROR o.s.a.rabbit.connection.CachingConnectionFactory - Channel shutdown: connection error
2018-01-31 09:17:36.767 [SimpleAsyncTaskExecutor-16] WARN  o.s.a.r.listener.SimpleMessageListenerContainer - Consumer raised exception, processing can restart if the connection factory supports it
com.rabbitmq.client.ShutdownSignalException: connection error
	at com.rabbitmq.client.impl.AMQConnection.startShutdown(AMQConnection.java:719) ~[amqp-client-3.5.1.jar:na]
	at com.rabbitmq.client.impl.AMQConnection.shutdown(AMQConnection.java:709) ~[amqp-client-3.5.1.jar:na]
	at com.rabbitmq.client.impl.AMQConnection$MainLoop.run(AMQConnection.java:569) ~[amqp-client-3.5.1.jar:na]
	at java.lang.Thread.run(Thread.java:748) [na:1.8.0_162]
Caused by: java.net.SocketException: Connection reset
	at java.net.SocketInputStream.read(SocketInputStream.java:210) ~[na:1.8.0_162]
	at java.net.SocketInputStream.read(SocketInputStream.java:141) ~[na:1.8.0_162]
	at java.io.BufferedInputStream.fill(BufferedInputStream.java:246) ~[na:1.8.0_162]
	at java.io.BufferedInputStream.read(BufferedInputStream.java:265) ~[na:1.8.0_162]
	at java.io.DataInputStream.readUnsignedByte(DataInputStream.java:288) ~[na:1.8.0_162]
	at com.rabbitmq.client.impl.Frame.readFrom(Frame.java:95) ~[amqp-client-3.5.1.jar:na]
	at com.rabbitmq.client.impl.SocketFrameHandler.readFrame(SocketFrameHandler.java:139) ~[amqp-client-3.5.1.jar:na]
	at com.rabbitmq.client.impl.AMQConnection$MainLoop.run(AMQConnection.java:534) ~[amqp-client-3.5.1.jar:na]
	... 1 common frames omitted
2018-01-31 09:17:36.782 [SimpleAsyncTaskExecutor-16] INFO  o.s.a.r.listener.SimpleMessageListenerContainer - Restarting Consumer: tags=[{amq.ctag-7ezpRJfsGlRdVogwSpI4Lg=routeKey}], channel=Cached Rabbit Channel: AMQChannel(amqp://gaofei@192.168.1.223:5672/,7), acknowledgeMode=AUTO local queue size=0
2018-01-31 09:17:36.782 [AMQP Connection 192.168.1.223:5672] ERROR o.s.a.rabbit.connection.CachingConnectionFactory - Channel shutdown: connection error
2018-01-31 09:17:36.782 [AMQP Connection 192.168.1.223:5672] ERROR o.s.a.rabbit.connection.CachingConnectionFactory - Channel shutdown: connection error
2018-01-31 09:17:36.782 [AMQP Connection 192.168.1.223:5672] ERROR o.s.a.rabbit.connection.CachingConnectionFactory - Channel shutdown: connection error
2018-01-31 09:17:36.783 [AMQP Connection 192.168.1.223:5672] ERROR o.s.a.rabbit.connection.CachingConnectionFactory - Channel shutdown: connection error
2018-01-31 09:17:36.784 [AMQP Connection 192.168.1.223:5672] ERROR o.s.a.rabbit.connection.CachingConnectionFactory - Channel shutdown: connection error
2018-01-31 09:17:36.784 [AMQP Connection 192.168.1.223:5672] ERROR o.s.a.rabbit.connection.CachingConnectionFactory - Channel shutdown: connection error
2018-01-31 09:17:36.784 [AMQP Connection 192.168.1.223:5672] ERROR o.s.a.rabbit.connection.CachingConnectionFactory - Channel shutdown: connection error
2018-01-31 09:17:36.784 [AMQP Connection 192.168.1.223:5672] ERROR o.s.a.rabbit.connection.CachingConnectionFactory - Channel shutdown: connection error
2018-01-31 09:17:36.784 [AMQP Connection 192.168.1.223:5672] ERROR o.s.a.rabbit.connection.CachingConnectionFactory - Channel shutdown: connection error
2018-01-31 09:17:36.785 [AMQP Connection 192.168.1.223:5672] ERROR o.s.a.rabbit.connection.CachingConnectionFactory - Channel shutdown: connection error
2018-01-31 09:17:36.785 [AMQP Connection 192.168.1.223:5672] ERROR o.s.a.rabbit.connection.CachingConnectionFactory - Channel shutdown: connection error
2018-01-31 09:17:36.785 [AMQP Connection 192.168.1.223:5672] ERROR o.s.a.rabbit.connection.CachingConnectionFactory - Channel shutdown: connection error
2018-01-31 09:17:36.786 [AMQP Connection 192.168.1.223:5672] ERROR o.s.a.rabbit.connection.CachingConnectionFactory - Channel shutdown: connection error
2018-01-31 09:17:36.786 [AMQP Connection 192.168.1.223:5672] ERROR o.s.a.rabbit.connection.CachingConnectionFactory - Channel shutdown: connection error
2018-01-31 09:17:36.786 [AMQP Connection 192.168.1.223:5672] ERROR o.s.a.rabbit.connection.CachingConnectionFactory - Channel shutdown: connection error
2018-01-31 09:17:36.787 [AMQP Connection 192.168.1.223:5672] ERROR o.s.a.rabbit.connection.CachingConnectionFactory - Channel shutdown: connection error
2018-01-31 09:17:36.788 [AMQP Connection 192.168.1.223:5672] ERROR o.s.a.rabbit.connection.CachingConnectionFactory - Channel shutdown: connection error
2018-01-31 09:17:36.788 [AMQP Connection 192.168.1.223:5672] ERROR o.s.a.rabbit.connection.CachingConnectionFactory - Channel shutdown: connection error
2018-01-31 09:17:36.788 [AMQP Connection 192.168.1.223:5672] ERROR o.s.a.rabbit.connection.CachingConnectionFactory - Channel shutdown: connection error
2018-01-31 09:17:36.788 [AMQP Connection 192.168.1.223:5672] ERROR o.s.a.rabbit.connection.CachingConnectionFactory - Channel shutdown: connection error
2018-01-31 09:17:36.788 [AMQP Connection 192.168.1.223:5672] ERROR o.s.a.rabbit.connection.CachingConnectionFactory - Channel shutdown: connection error
2018-01-31 09:17:36.789 [AMQP Connection 192.168.1.223:5672] ERROR o.s.a.rabbit.connection.CachingConnectionFactory - Channel shutdown: connection error
2018-01-31 09:17:36.789 [AMQP Connection 192.168.1.223:5672] ERROR o.s.a.rabbit.connection.CachingConnectionFactory - Channel shutdown: connection error
2018-01-31 09:17:36.790 [AMQP Connection 192.168.1.223:5672] ERROR o.s.a.rabbit.connection.CachingConnectionFactory - Channel shutdown: connection error
2018-01-31 09:17:36.790 [AMQP Connection 192.168.1.223:5672] ERROR o.s.a.rabbit.connection.CachingConnectionFactory - Channel shutdown: connection error
2018-01-31 09:17:36.790 [AMQP Connection 192.168.1.223:5672] ERROR o.s.a.rabbit.connection.CachingConnectionFactory - Channel shutdown: connection error
2018-01-31 09:17:36.837 [SimpleAsyncTaskExecutor-28] WARN  o.s.a.r.listener.SimpleMessageListenerContainer - Consumer raised exception, processing can restart if the connection factory supports it
com.rabbitmq.client.ShutdownSignalException: connection error
	at com.rabbitmq.client.impl.AMQConnection.startShutdown(AMQConnection.java:719) ~[amqp-client-3.5.1.jar:na]
	at com.rabbitmq.client.impl.AMQConnection.shutdown(AMQConnection.java:709) ~[amqp-client-3.5.1.jar:na]
	at com.rabbitmq.client.impl.AMQConnection$MainLoop.run(AMQConnection.java:569) ~[amqp-client-3.5.1.jar:na]
	at java.lang.Thread.run(Thread.java:748) [na:1.8.0_162]
Caused by: java.net.SocketException: Connection reset
	at java.net.SocketInputStream.read(SocketInputStream.java:210) ~[na:1.8.0_162]
	at java.net.SocketInputStream.read(SocketInputStream.java:141) ~[na:1.8.0_162]
	at java.io.BufferedInputStream.fill(BufferedInputStream.java:246) ~[na:1.8.0_162]
	at java.io.BufferedInputStream.read(BufferedInputStream.java:265) ~[na:1.8.0_162]
	at java.io.DataInputStream.readUnsignedByte(DataInputStream.java:288) ~[na:1.8.0_162]
	at com.rabbitmq.client.impl.Frame.readFrom(Frame.java:95) ~[amqp-client-3.5.1.jar:na]
	at com.rabbitmq.client.impl.SocketFrameHandler.readFrame(SocketFrameHandler.java:139) ~[amqp-client-3.5.1.jar:na]
	at com.rabbitmq.client.impl.AMQConnection$MainLoop.run(AMQConnection.java:534) ~[amqp-client-3.5.1.jar:na]
	... 1 common frames omitted
2018-01-31 09:17:36.838 [SimpleAsyncTaskExecutor-28] INFO  o.s.a.r.listener.SimpleMessageListenerContainer - Restarting Consumer: tags=[{amq.ctag-9S4MX5FJ8pBoDE8TBeLtmA=routeKey}], channel=Cached Rabbit Channel: AMQChannel(amqp://gaofei@192.168.1.223:5672/,23), acknowledgeMode=AUTO local queue size=0
2018-01-31 09:17:36.910 [SimpleAsyncTaskExecutor-26] WARN  o.s.a.r.listener.SimpleMessageListenerContainer - Consumer raised exception, processing can restart if the connection factory supports it
com.rabbitmq.client.ShutdownSignalException: connection error
	at com.rabbitmq.client.impl.AMQConnection.startShutdown(AMQConnection.java:719) ~[amqp-client-3.5.1.jar:na]
	at com.rabbitmq.client.impl.AMQConnection.shutdown(AMQConnection.java:709) ~[amqp-client-3.5.1.jar:na]
	at com.rabbitmq.client.impl.AMQConnection$MainLoop.run(AMQConnection.java:569) ~[amqp-client-3.5.1.jar:na]
	at java.lang.Thread.run(Thread.java:748) [na:1.8.0_162]
Caused by: java.net.SocketException: Connection reset
	at java.net.SocketInputStream.read(SocketInputStream.java:210) ~[na:1.8.0_162]
	at java.net.SocketInputStream.read(SocketInputStream.java:141) ~[na:1.8.0_162]
	at java.io.BufferedInputStream.fill(BufferedInputStream.java:246) ~[na:1.8.0_162]
	at java.io.BufferedInputStream.read(BufferedInputStream.java:265) ~[na:1.8.0_162]
	at java.io.DataInputStream.readUnsignedByte(DataInputStream.java:288) ~[na:1.8.0_162]
	at com.rabbitmq.client.impl.Frame.readFrom(Frame.java:95) ~[amqp-client-3.5.1.jar:na]
	at com.rabbitmq.client.impl.SocketFrameHandler.readFrame(SocketFrameHandler.java:139) ~[amqp-client-3.5.1.jar:na]
	at com.rabbitmq.client.impl.AMQConnection$MainLoop.run(AMQConnection.java:534) ~[amqp-client-3.5.1.jar:na]
	... 1 common frames omitted
2018-01-31 09:17:36.910 [SimpleAsyncTaskExecutor-26] INFO  o.s.a.r.listener.SimpleMessageListenerContainer - Restarting Consumer: tags=[{amq.ctag-94RuAxwr8uVNoABG7yrPzw=routeKey}], channel=Cached Rabbit Channel: AMQChannel(amqp://gaofei@192.168.1.223:5672/,18), acknowledgeMode=AUTO local queue size=0
2018-01-31 09:17:36.943 [SimpleAsyncTaskExecutor-4] WARN  o.s.a.r.listener.SimpleMessageListenerContainer - Consumer raised exception, processing can restart if the connection factory supports it
com.rabbitmq.client.ShutdownSignalException: connection error
	at com.rabbitmq.client.impl.AMQConnection.startShutdown(AMQConnection.java:719) ~[amqp-client-3.5.1.jar:na]
	at com.rabbitmq.client.impl.AMQConnection.shutdown(AMQConnection.java:709) ~[amqp-client-3.5.1.jar:na]
	at com.rabbitmq.client.impl.AMQConnection$MainLoop.run(AMQConnection.java:569) ~[amqp-client-3.5.1.jar:na]
	at java.lang.Thread.run(Thread.java:748) [na:1.8.0_162]
Caused by: java.net.SocketException: Connection reset
	at java.net.SocketInputStream.read(SocketInputStream.java:210) ~[na:1.8.0_162]
	at java.net.SocketInputStream.read(SocketInputStream.java:141) ~[na:1.8.0_162]
	at java.io.BufferedInputStream.fill(BufferedInputStream.java:246) ~[na:1.8.0_162]
	at java.io.BufferedInputStream.read(BufferedInputStream.java:265) ~[na:1.8.0_162]
	at java.io.DataInputStream.readUnsignedByte(DataInputStream.java:288) ~[na:1.8.0_162]
	at com.rabbitmq.client.impl.Frame.readFrom(Frame.java:95) ~[amqp-client-3.5.1.jar:na]
	at com.rabbitmq.client.impl.SocketFrameHandler.readFrame(SocketFrameHandler.java:139) ~[amqp-client-3.5.1.jar:na]
	at com.rabbitmq.client.impl.AMQConnection$MainLoop.run(AMQConnection.java:534) ~[amqp-client-3.5.1.jar:na]
	... 1 common frames omitted
2018-01-31 09:17:36.943 [SimpleAsyncTaskExecutor-4] INFO  o.s.a.r.listener.SimpleMessageListenerContainer - Restarting Consumer: tags=[{amq.ctag-4oxzWTklukTDdQu5R1EwWQ=routeKey}], channel=Cached Rabbit Channel: AMQChannel(amqp://gaofei@192.168.1.223:5672/,29), acknowledgeMode=AUTO local queue size=0
2018-01-31 09:17:36.984 [SimpleAsyncTaskExecutor-27] WARN  o.s.a.r.listener.SimpleMessageListenerContainer - Consumer raised exception, processing can restart if the connection factory supports it
com.rabbitmq.client.ShutdownSignalException: connection error
	at com.rabbitmq.client.impl.AMQConnection.startShutdown(AMQConnection.java:719) ~[amqp-client-3.5.1.jar:na]
	at com.rabbitmq.client.impl.AMQConnection.shutdown(AMQConnection.java:709) ~[amqp-client-3.5.1.jar:na]
	at com.rabbitmq.client.impl.AMQConnection$MainLoop.run(AMQConnection.java:569) ~[amqp-client-3.5.1.jar:na]
	at java.lang.Thread.run(Thread.java:748) [na:1.8.0_162]
Caused by: java.net.SocketException: Connection reset
	at java.net.SocketInputStream.read(SocketInputStream.java:210) ~[na:1.8.0_162]
	at java.net.SocketInputStream.read(SocketInputStream.java:141) ~[na:1.8.0_162]
	at java.io.BufferedInputStream.fill(BufferedInputStream.java:246) ~[na:1.8.0_162]
	at java.io.BufferedInputStream.read(BufferedInputStream.java:265) ~[na:1.8.0_162]
	at java.io.DataInputStream.readUnsignedByte(DataInputStream.java:288) ~[na:1.8.0_162]
	at com.rabbitmq.client.impl.Frame.readFrom(Frame.java:95) ~[amqp-client-3.5.1.jar:na]
	at com.rabbitmq.client.impl.SocketFrameHandler.readFrame(SocketFrameHandler.java:139) ~[amqp-client-3.5.1.jar:na]
	at com.rabbitmq.client.impl.AMQConnection$MainLoop.run(AMQConnection.java:534) ~[amqp-client-3.5.1.jar:na]
	... 1 common frames omitted
2018-01-31 09:17:36.984 [SimpleAsyncTaskExecutor-27] INFO  o.s.a.r.listener.SimpleMessageListenerContainer - Restarting Consumer: tags=[{amq.ctag-ukdXe0m5DJQco2V6Mkrq6w=routeKey}], channel=Cached Rabbit Channel: AMQChannel(amqp://gaofei@192.168.1.223:5672/,5), acknowledgeMode=AUTO local queue size=0
2018-01-31 09:17:36.997 [SimpleAsyncTaskExecutor-2] WARN  o.s.a.r.listener.SimpleMessageListenerContainer - Consumer raised exception, processing can restart if the connection factory supports it
com.rabbitmq.client.ShutdownSignalException: connection error
	at com.rabbitmq.client.impl.AMQConnection.startShutdown(AMQConnection.java:719) ~[amqp-client-3.5.1.jar:na]
	at com.rabbitmq.client.impl.AMQConnection.shutdown(AMQConnection.java:709) ~[amqp-client-3.5.1.jar:na]
	at com.rabbitmq.client.impl.AMQConnection$MainLoop.run(AMQConnection.java:569) ~[amqp-client-3.5.1.jar:na]
	at java.lang.Thread.run(Thread.java:748) [na:1.8.0_162]
Caused by: java.net.SocketException: Connection reset
	at java.net.SocketInputStream.read(SocketInputStream.java:210) ~[na:1.8.0_162]
	at java.net.SocketInputStream.read(SocketInputStream.java:141) ~[na:1.8.0_162]
	at java.io.BufferedInputStream.fill(BufferedInputStream.java:246) ~[na:1.8.0_162]
	at java.io.BufferedInputStream.read(BufferedInputStream.java:265) ~[na:1.8.0_162]
	at java.io.DataInputStream.readUnsignedByte(DataInputStream.java:288) ~[na:1.8.0_162]
	at com.rabbitmq.client.impl.Frame.readFrom(Frame.java:95) ~[amqp-client-3.5.1.jar:na]
	at com.rabbitmq.client.impl.SocketFrameHandler.readFrame(SocketFrameHandler.java:139) ~[amqp-client-3.5.1.jar:na]
	at com.rabbitmq.client.impl.AMQConnection$MainLoop.run(AMQConnection.java:534) ~[amqp-client-3.5.1.jar:na]
	... 1 common frames omitted
2018-01-31 09:17:36.997 [SimpleAsyncTaskExecutor-2] INFO  o.s.a.r.listener.SimpleMessageListenerContainer - Restarting Consumer: tags=[{amq.ctag-h5JyiDv8PDNsrukm-QhISg=routeKey}], channel=Cached Rabbit Channel: AMQChannel(amqp://gaofei@192.168.1.223:5672/,27), acknowledgeMode=AUTO local queue size=0
2018-01-31 09:17:37.014 [SimpleAsyncTaskExecutor-18] WARN  o.s.a.r.listener.SimpleMessageListenerContainer - Consumer raised exception, processing can restart if the connection factory supports it
com.rabbitmq.client.ShutdownSignalException: connection error
	at com.rabbitmq.client.impl.AMQConnection.startShutdown(AMQConnection.java:719) ~[amqp-client-3.5.1.jar:na]
	at com.rabbitmq.client.impl.AMQConnection.shutdown(AMQConnection.java:709) ~[amqp-client-3.5.1.jar:na]
	at com.rabbitmq.client.impl.AMQConnection$MainLoop.run(AMQConnection.java:569) ~[amqp-client-3.5.1.jar:na]
	at java.lang.Thread.run(Thread.java:748) [na:1.8.0_162]
Caused by: java.net.SocketException: Connection reset
	at java.net.SocketInputStream.read(SocketInputStream.java:210) ~[na:1.8.0_162]
	at java.net.SocketInputStream.read(SocketInputStream.java:141) ~[na:1.8.0_162]
	at java.io.BufferedInputStream.fill(BufferedInputStream.java:246) ~[na:1.8.0_162]
	at java.io.BufferedInputStream.read(BufferedInputStream.java:265) ~[na:1.8.0_162]
	at java.io.DataInputStream.readUnsignedByte(DataInputStream.java:288) ~[na:1.8.0_162]
	at com.rabbitmq.client.impl.Frame.readFrom(Frame.java:95) ~[amqp-client-3.5.1.jar:na]
	at com.rabbitmq.client.impl.SocketFrameHandler.readFrame(SocketFrameHandler.java:139) ~[amqp-client-3.5.1.jar:na]
	at com.rabbitmq.client.impl.AMQConnection$MainLoop.run(AMQConnection.java:534) ~[amqp-client-3.5.1.jar:na]
	... 1 common frames omitted
2018-01-31 09:17:37.015 [SimpleAsyncTaskExecutor-18] INFO  o.s.a.r.listener.SimpleMessageListenerContainer - Restarting Consumer: tags=[{amq.ctag-7InQYNOSMFWx31xvEUMhnw=routeKey}], channel=Cached Rabbit Channel: AMQChannel(amqp://gaofei@192.168.1.223:5672/,9), acknowledgeMode=AUTO local queue size=0
2018-01-31 09:17:37.018 [SimpleAsyncTaskExecutor-6] WARN  o.s.a.r.listener.SimpleMessageListenerContainer - Consumer raised exception, processing can restart if the connection factory supports it
com.rabbitmq.client.ShutdownSignalException: connection error
	at com.rabbitmq.client.impl.AMQConnection.startShutdown(AMQConnection.java:719) ~[amqp-client-3.5.1.jar:na]
	at com.rabbitmq.client.impl.AMQConnection.shutdown(AMQConnection.java:709) ~[amqp-client-3.5.1.jar:na]
	at com.rabbitmq.client.impl.AMQConnection$MainLoop.run(AMQConnection.java:569) ~[amqp-client-3.5.1.jar:na]
	at java.lang.Thread.run(Thread.java:748) [na:1.8.0_162]
Caused by: java.net.SocketException: Connection reset
	at java.net.SocketInputStream.read(SocketInputStream.java:210) ~[na:1.8.0_162]
	at java.net.SocketInputStream.read(SocketInputStream.java:141) ~[na:1.8.0_162]
	at java.io.BufferedInputStream.fill(BufferedInputStream.java:246) ~[na:1.8.0_162]
	at java.io.BufferedInputStream.read(BufferedInputStream.java:265) ~[na:1.8.0_162]
	at java.io.DataInputStream.readUnsignedByte(DataInputStream.java:288) ~[na:1.8.0_162]
	at com.rabbitmq.client.impl.Frame.readFrom(Frame.java:95) ~[amqp-client-3.5.1.jar:na]
	at com.rabbitmq.client.impl.SocketFrameHandler.readFrame(SocketFrameHandler.java:139) ~[amqp-client-3.5.1.jar:na]
	at com.rabbitmq.client.impl.AMQConnection$MainLoop.run(AMQConnection.java:534) ~[amqp-client-3.5.1.jar:na]
	... 1 common frames omitted
2018-01-31 09:17:37.018 [SimpleAsyncTaskExecutor-30] WARN  o.s.a.r.listener.SimpleMessageListenerContainer - Consumer raised exception, processing can restart if the connection factory supports it
com.rabbitmq.client.ShutdownSignalException: connection error
	at com.rabbitmq.client.impl.AMQConnection.startShutdown(AMQConnection.java:719) ~[amqp-client-3.5.1.jar:na]
	at com.rabbitmq.client.impl.AMQConnection.shutdown(AMQConnection.java:709) ~[amqp-client-3.5.1.jar:na]
	at com.rabbitmq.client.impl.AMQConnection$MainLoop.run(AMQConnection.java:569) ~[amqp-client-3.5.1.jar:na]
	at java.lang.Thread.run(Thread.java:748) [na:1.8.0_162]
Caused by: java.net.SocketException: Connection reset
	at java.net.SocketInputStream.read(SocketInputStream.java:210) ~[na:1.8.0_162]
	at java.net.SocketInputStream.read(SocketInputStream.java:141) ~[na:1.8.0_162]
	at java.io.BufferedInputStream.fill(BufferedInputStream.java:246) ~[na:1.8.0_162]
	at java.io.BufferedInputStream.read(BufferedInputStream.java:265) ~[na:1.8.0_162]
	at java.io.DataInputStream.readUnsignedByte(DataInputStream.java:288) ~[na:1.8.0_162]
	at com.rabbitmq.client.impl.Frame.readFrom(Frame.java:95) ~[amqp-client-3.5.1.jar:na]
	at com.rabbitmq.client.impl.SocketFrameHandler.readFrame(SocketFrameHandler.java:139) ~[amqp-client-3.5.1.jar:na]
	at com.rabbitmq.client.impl.AMQConnection$MainLoop.run(AMQConnection.java:534) ~[amqp-client-3.5.1.jar:na]
	... 1 common frames omitted
2018-01-31 09:17:37.018 [SimpleAsyncTaskExecutor-6] INFO  o.s.a.r.listener.SimpleMessageListenerContainer - Restarting Consumer: tags=[{amq.ctag-4baQsnL7pvQ6cmPfmpgPjQ=routeKey}], channel=Cached Rabbit Channel: AMQChannel(amqp://gaofei@192.168.1.223:5672/,28), acknowledgeMode=AUTO local queue size=0
2018-01-31 09:17:37.018 [SimpleAsyncTaskExecutor-30] INFO  o.s.a.r.listener.SimpleMessageListenerContainer - Restarting Consumer: tags=[{amq.ctag-qkxgLPdJ6x1rni5uQliGZw=routeKey}], channel=Cached Rabbit Channel: AMQChannel(amqp://gaofei@192.168.1.223:5672/,26), acknowledgeMode=AUTO local queue size=0
2018-01-31 09:17:37.022 [SimpleAsyncTaskExecutor-22] WARN  o.s.a.r.listener.SimpleMessageListenerContainer - Consumer raised exception, processing can restart if the connection factory supports it
com.rabbitmq.client.ShutdownSignalException: connection error
	at com.rabbitmq.client.impl.AMQConnection.startShutdown(AMQConnection.java:719) ~[amqp-client-3.5.1.jar:na]
	at com.rabbitmq.client.impl.AMQConnection.shutdown(AMQConnection.java:709) ~[amqp-client-3.5.1.jar:na]
	at com.rabbitmq.client.impl.AMQConnection$MainLoop.run(AMQConnection.java:569) ~[amqp-client-3.5.1.jar:na]
	at java.lang.Thread.run(Thread.java:748) [na:1.8.0_162]
Caused by: java.net.SocketException: Connection reset
	at java.net.SocketInputStream.read(SocketInputStream.java:210) ~[na:1.8.0_162]
	at java.net.SocketInputStream.read(SocketInputStream.java:141) ~[na:1.8.0_162]
	at java.io.BufferedInputStream.fill(BufferedInputStream.java:246) ~[na:1.8.0_162]
	at java.io.BufferedInputStream.read(BufferedInputStream.java:265) ~[na:1.8.0_162]
	at java.io.DataInputStream.readUnsignedByte(DataInputStream.java:288) ~[na:1.8.0_162]
	at com.rabbitmq.client.impl.Frame.readFrom(Frame.java:95) ~[amqp-client-3.5.1.jar:na]
	at com.rabbitmq.client.impl.SocketFrameHandler.readFrame(SocketFrameHandler.java:139) ~[amqp-client-3.5.1.jar:na]
	at com.rabbitmq.client.impl.AMQConnection$MainLoop.run(AMQConnection.java:534) ~[amqp-client-3.5.1.jar:na]
	... 1 common frames omitted
2018-01-31 09:17:37.023 [SimpleAsyncTaskExecutor-22] INFO  o.s.a.r.listener.SimpleMessageListenerContainer - Restarting Consumer: tags=[{amq.ctag-G-DwsIpkBVY3qDN2eBk-hw=routeKey}], channel=Cached Rabbit Channel: AMQChannel(amqp://gaofei@192.168.1.223:5672/,16), acknowledgeMode=AUTO local queue size=0
2018-01-31 09:17:37.053 [SimpleAsyncTaskExecutor-14] WARN  o.s.a.r.listener.SimpleMessageListenerContainer - Consumer raised exception, processing can restart if the connection factory supports it
com.rabbitmq.client.ShutdownSignalException: connection error
	at com.rabbitmq.client.impl.AMQConnection.startShutdown(AMQConnection.java:719) ~[amqp-client-3.5.1.jar:na]
	at com.rabbitmq.client.impl.AMQConnection.shutdown(AMQConnection.java:709) ~[amqp-client-3.5.1.jar:na]
	at com.rabbitmq.client.impl.AMQConnection$MainLoop.run(AMQConnection.java:569) ~[amqp-client-3.5.1.jar:na]
	at java.lang.Thread.run(Thread.java:748) [na:1.8.0_162]
Caused by: java.net.SocketException: Connection reset
	at java.net.SocketInputStream.read(SocketInputStream.java:210) ~[na:1.8.0_162]
	at java.net.SocketInputStream.read(SocketInputStream.java:141) ~[na:1.8.0_162]
	at java.io.BufferedInputStream.fill(BufferedInputStream.java:246) ~[na:1.8.0_162]
	at java.io.BufferedInputStream.read(BufferedInputStream.java:265) ~[na:1.8.0_162]
	at java.io.DataInputStream.readUnsignedByte(DataInputStream.java:288) ~[na:1.8.0_162]
	at com.rabbitmq.client.impl.Frame.readFrom(Frame.java:95) ~[amqp-client-3.5.1.jar:na]
	at com.rabbitmq.client.impl.SocketFrameHandler.readFrame(SocketFrameHandler.java:139) ~[amqp-client-3.5.1.jar:na]
	at com.rabbitmq.client.impl.AMQConnection$MainLoop.run(AMQConnection.java:534) ~[amqp-client-3.5.1.jar:na]
	... 1 common frames omitted
2018-01-31 09:17:37.053 [SimpleAsyncTaskExecutor-14] INFO  o.s.a.r.listener.SimpleMessageListenerContainer - Restarting Consumer: tags=[{amq.ctag-Sd51urtckXrMnAVou3-bOg=routeKey}], channel=Cached Rabbit Channel: AMQChannel(amqp://gaofei@192.168.1.223:5672/,8), acknowledgeMode=AUTO local queue size=0
2018-01-31 09:17:37.100 [SimpleAsyncTaskExecutor-17] WARN  o.s.a.r.listener.SimpleMessageListenerContainer - Consumer raised exception, processing can restart if the connection factory supports it
com.rabbitmq.client.ShutdownSignalException: connection error
	at com.rabbitmq.client.impl.AMQConnection.startShutdown(AMQConnection.java:719) ~[amqp-client-3.5.1.jar:na]
	at com.rabbitmq.client.impl.AMQConnection.shutdown(AMQConnection.java:709) ~[amqp-client-3.5.1.jar:na]
	at com.rabbitmq.client.impl.AMQConnection$MainLoop.run(AMQConnection.java:569) ~[amqp-client-3.5.1.jar:na]
	at java.lang.Thread.run(Thread.java:748) [na:1.8.0_162]
Caused by: java.net.SocketException: Connection reset
	at java.net.SocketInputStream.read(SocketInputStream.java:210) ~[na:1.8.0_162]
	at java.net.SocketInputStream.read(SocketInputStream.java:141) ~[na:1.8.0_162]
	at java.io.BufferedInputStream.fill(BufferedInputStream.java:246) ~[na:1.8.0_162]
	at java.io.BufferedInputStream.read(BufferedInputStream.java:265) ~[na:1.8.0_162]
	at java.io.DataInputStream.readUnsignedByte(DataInputStream.java:288) ~[na:1.8.0_162]
	at com.rabbitmq.client.impl.Frame.readFrom(Frame.java:95) ~[amqp-client-3.5.1.jar:na]
	at com.rabbitmq.client.impl.SocketFrameHandler.readFrame(SocketFrameHandler.java:139) ~[amqp-client-3.5.1.jar:na]
	at com.rabbitmq.client.impl.AMQConnection$MainLoop.run(AMQConnection.java:534) ~[amqp-client-3.5.1.jar:na]
	... 1 common frames omitted
2018-01-31 09:17:37.101 [SimpleAsyncTaskExecutor-17] INFO  o.s.a.r.listener.SimpleMessageListenerContainer - Restarting Consumer: tags=[{amq.ctag-gyaVyVznDpCOze3CPfa5kA=routeKey}], channel=Cached Rabbit Channel: AMQChannel(amqp://gaofei@192.168.1.223:5672/,10), acknowledgeMode=AUTO local queue size=0
2018-01-31 09:17:37.102 [SimpleAsyncTaskExecutor-29] WARN  o.s.a.r.listener.SimpleMessageListenerContainer - Consumer raised exception, processing can restart if the connection factory supports it
com.rabbitmq.client.ShutdownSignalException: connection error
	at com.rabbitmq.client.impl.AMQConnection.startShutdown(AMQConnection.java:719) ~[amqp-client-3.5.1.jar:na]
	at com.rabbitmq.client.impl.AMQConnection.shutdown(AMQConnection.java:709) ~[amqp-client-3.5.1.jar:na]
	at com.rabbitmq.client.impl.AMQConnection$MainLoop.run(AMQConnection.java:569) ~[amqp-client-3.5.1.jar:na]
	at java.lang.Thread.run(Thread.java:748) [na:1.8.0_162]
Caused by: java.net.SocketException: Connection reset
	at java.net.SocketInputStream.read(SocketInputStream.java:210) ~[na:1.8.0_162]
	at java.net.SocketInputStream.read(SocketInputStream.java:141) ~[na:1.8.0_162]
	at java.io.BufferedInputStream.fill(BufferedInputStream.java:246) ~[na:1.8.0_162]
	at java.io.BufferedInputStream.read(BufferedInputStream.java:265) ~[na:1.8.0_162]
	at java.io.DataInputStream.readUnsignedByte(DataInputStream.java:288) ~[na:1.8.0_162]
	at com.rabbitmq.client.impl.Frame.readFrom(Frame.java:95) ~[amqp-client-3.5.1.jar:na]
	at com.rabbitmq.client.impl.SocketFrameHandler.readFrame(SocketFrameHandler.java:139) ~[amqp-client-3.5.1.jar:na]
	at com.rabbitmq.client.impl.AMQConnection$MainLoop.run(AMQConnection.java:534) ~[amqp-client-3.5.1.jar:na]
	... 1 common frames omitted
2018-01-31 09:17:37.102 [SimpleAsyncTaskExecutor-29] INFO  o.s.a.r.listener.SimpleMessageListenerContainer - Restarting Consumer: tags=[{amq.ctag-Dhmc39d7nCiF0ScUYoQX5A=routeKey}], channel=Cached Rabbit Channel: AMQChannel(amqp://gaofei@192.168.1.223:5672/,22), acknowledgeMode=AUTO local queue size=0
2018-01-31 09:17:37.105 [SimpleAsyncTaskExecutor-5] WARN  o.s.a.r.listener.SimpleMessageListenerContainer - Consumer raised exception, processing can restart if the connection factory supports it
com.rabbitmq.client.ShutdownSignalException: connection error
	at com.rabbitmq.client.impl.AMQConnection.startShutdown(AMQConnection.java:719) ~[amqp-client-3.5.1.jar:na]
	at com.rabbitmq.client.impl.AMQConnection.shutdown(AMQConnection.java:709) ~[amqp-client-3.5.1.jar:na]
	at com.rabbitmq.client.impl.AMQConnection$MainLoop.run(AMQConnection.java:569) ~[amqp-client-3.5.1.jar:na]
	at java.lang.Thread.run(Thread.java:748) [na:1.8.0_162]
Caused by: java.net.SocketException: Connection reset
	at java.net.SocketInputStream.read(SocketInputStream.java:210) ~[na:1.8.0_162]
	at java.net.SocketInputStream.read(SocketInputStream.java:141) ~[na:1.8.0_162]
	at java.io.BufferedInputStream.fill(BufferedInputStream.java:246) ~[na:1.8.0_162]
	at java.io.BufferedInputStream.read(BufferedInputStream.java:265) ~[na:1.8.0_162]
	at java.io.DataInputStream.readUnsignedByte(DataInputStream.java:288) ~[na:1.8.0_162]
	at com.rabbitmq.client.impl.Frame.readFrom(Frame.java:95) ~[amqp-client-3.5.1.jar:na]
	at com.rabbitmq.client.impl.SocketFrameHandler.readFrame(SocketFrameHandler.java:139) ~[amqp-client-3.5.1.jar:na]
	at com.rabbitmq.client.impl.AMQConnection$MainLoop.run(AMQConnection.java:534) ~[amqp-client-3.5.1.jar:na]
	... 1 common frames omitted
2018-01-31 09:17:37.106 [SimpleAsyncTaskExecutor-5] INFO  o.s.a.r.listener.SimpleMessageListenerContainer - Restarting Consumer: tags=[{amq.ctag-Qw_GpBu_clTTRlTx0-hNLw=routeKey}], channel=Cached Rabbit Channel: AMQChannel(amqp://gaofei@192.168.1.223:5672/,14), acknowledgeMode=AUTO local queue size=0
2018-01-31 09:17:37.129 [SimpleAsyncTaskExecutor-10] WARN  o.s.a.r.listener.SimpleMessageListenerContainer - Consumer raised exception, processing can restart if the connection factory supports it
com.rabbitmq.client.ShutdownSignalException: connection error
	at com.rabbitmq.client.impl.AMQConnection.startShutdown(AMQConnection.java:719) ~[amqp-client-3.5.1.jar:na]
	at com.rabbitmq.client.impl.AMQConnection.shutdown(AMQConnection.java:709) ~[amqp-client-3.5.1.jar:na]
	at com.rabbitmq.client.impl.AMQConnection$MainLoop.run(AMQConnection.java:569) ~[amqp-client-3.5.1.jar:na]
	at java.lang.Thread.run(Thread.java:748) [na:1.8.0_162]
Caused by: java.net.SocketException: Connection reset
	at java.net.SocketInputStream.read(SocketInputStream.java:210) ~[na:1.8.0_162]
	at java.net.SocketInputStream.read(SocketInputStream.java:141) ~[na:1.8.0_162]
	at java.io.BufferedInputStream.fill(BufferedInputStream.java:246) ~[na:1.8.0_162]
	at java.io.BufferedInputStream.read(BufferedInputStream.java:265) ~[na:1.8.0_162]
	at java.io.DataInputStream.readUnsignedByte(DataInputStream.java:288) ~[na:1.8.0_162]
	at com.rabbitmq.client.impl.Frame.readFrom(Frame.java:95) ~[amqp-client-3.5.1.jar:na]
	at com.rabbitmq.client.impl.SocketFrameHandler.readFrame(SocketFrameHandler.java:139) ~[amqp-client-3.5.1.jar:na]
	at com.rabbitmq.client.impl.AMQConnection$MainLoop.run(AMQConnection.java:534) ~[amqp-client-3.5.1.jar:na]
	... 1 common frames omitted
2018-01-31 09:17:37.129 [SimpleAsyncTaskExecutor-10] INFO  o.s.a.r.listener.SimpleMessageListenerContainer - Restarting Consumer: tags=[{amq.ctag-iJWu8flvp92HYxKmlUTCBg=routeKey}], channel=Cached Rabbit Channel: AMQChannel(amqp://gaofei@192.168.1.223:5672/,24), acknowledgeMode=AUTO local queue size=0
2018-01-31 09:17:37.147 [SimpleAsyncTaskExecutor-21] WARN  o.s.a.r.listener.SimpleMessageListenerContainer - Consumer raised exception, processing can restart if the connection factory supports it
com.rabbitmq.client.ShutdownSignalException: connection error
	at com.rabbitmq.client.impl.AMQConnection.startShutdown(AMQConnection.java:719) ~[amqp-client-3.5.1.jar:na]
	at com.rabbitmq.client.impl.AMQConnection.shutdown(AMQConnection.java:709) ~[amqp-client-3.5.1.jar:na]
	at com.rabbitmq.client.impl.AMQConnection$MainLoop.run(AMQConnection.java:569) ~[amqp-client-3.5.1.jar:na]
	at java.lang.Thread.run(Thread.java:748) [na:1.8.0_162]
Caused by: java.net.SocketException: Connection reset
	at java.net.SocketInputStream.read(SocketInputStream.java:210) ~[na:1.8.0_162]
	at java.net.SocketInputStream.read(SocketInputStream.java:141) ~[na:1.8.0_162]
	at java.io.BufferedInputStream.fill(BufferedInputStream.java:246) ~[na:1.8.0_162]
	at java.io.BufferedInputStream.read(BufferedInputStream.java:265) ~[na:1.8.0_162]
	at java.io.DataInputStream.readUnsignedByte(DataInputStream.java:288) ~[na:1.8.0_162]
	at com.rabbitmq.client.impl.Frame.readFrom(Frame.java:95) ~[amqp-client-3.5.1.jar:na]
	at com.rabbitmq.client.impl.SocketFrameHandler.readFrame(SocketFrameHandler.java:139) ~[amqp-client-3.5.1.jar:na]
	at com.rabbitmq.client.impl.AMQConnection$MainLoop.run(AMQConnection.java:534) ~[amqp-client-3.5.1.jar:na]
	... 1 common frames omitted
2018-01-31 09:17:37.147 [SimpleAsyncTaskExecutor-21] INFO  o.s.a.r.listener.SimpleMessageListenerContainer - Restarting Consumer: tags=[{amq.ctag-KJ3wwbfag8oQqgnWNWoEhQ=routeKey}], channel=Cached Rabbit Channel: AMQChannel(amqp://gaofei@192.168.1.223:5672/,12), acknowledgeMode=AUTO local queue size=0
2018-01-31 09:17:37.155 [SimpleAsyncTaskExecutor-20] WARN  o.s.a.r.listener.SimpleMessageListenerContainer - Consumer raised exception, processing can restart if the connection factory supports it
com.rabbitmq.client.ShutdownSignalException: connection error
	at com.rabbitmq.client.impl.AMQConnection.startShutdown(AMQConnection.java:719) ~[amqp-client-3.5.1.jar:na]
	at com.rabbitmq.client.impl.AMQConnection.shutdown(AMQConnection.java:709) ~[amqp-client-3.5.1.jar:na]
	at com.rabbitmq.client.impl.AMQConnection$MainLoop.run(AMQConnection.java:569) ~[amqp-client-3.5.1.jar:na]
	at java.lang.Thread.run(Thread.java:748) [na:1.8.0_162]
Caused by: java.net.SocketException: Connection reset
	at java.net.SocketInputStream.read(SocketInputStream.java:210) ~[na:1.8.0_162]
	at java.net.SocketInputStream.read(SocketInputStream.java:141) ~[na:1.8.0_162]
	at java.io.BufferedInputStream.fill(BufferedInputStream.java:246) ~[na:1.8.0_162]
	at java.io.BufferedInputStream.read(BufferedInputStream.java:265) ~[na:1.8.0_162]
	at java.io.DataInputStream.readUnsignedByte(DataInputStream.java:288) ~[na:1.8.0_162]
	at com.rabbitmq.client.impl.Frame.readFrom(Frame.java:95) ~[amqp-client-3.5.1.jar:na]
	at com.rabbitmq.client.impl.SocketFrameHandler.readFrame(SocketFrameHandler.java:139) ~[amqp-client-3.5.1.jar:na]
	at com.rabbitmq.client.impl.AMQConnection$MainLoop.run(AMQConnection.java:534) ~[amqp-client-3.5.1.jar:na]
	... 1 common frames omitted
2018-01-31 09:17:37.155 [SimpleAsyncTaskExecutor-20] INFO  o.s.a.r.listener.SimpleMessageListenerContainer - Restarting Consumer: tags=[{amq.ctag-Rrkomxja7uJHlTdnZQEQVQ=routeKey}], channel=Cached Rabbit Channel: AMQChannel(amqp://gaofei@192.168.1.223:5672/,11), acknowledgeMode=AUTO local queue size=0
2018-01-31 09:17:37.163 [SimpleAsyncTaskExecutor-24] WARN  o.s.a.r.listener.SimpleMessageListenerContainer - Consumer raised exception, processing can restart if the connection factory supports it
com.rabbitmq.client.ShutdownSignalException: connection error
	at com.rabbitmq.client.impl.AMQConnection.startShutdown(AMQConnection.java:719) ~[amqp-client-3.5.1.jar:na]
	at com.rabbitmq.client.impl.AMQConnection.shutdown(AMQConnection.java:709) ~[amqp-client-3.5.1.jar:na]
	at com.rabbitmq.client.impl.AMQConnection$MainLoop.run(AMQConnection.java:569) ~[amqp-client-3.5.1.jar:na]
	at java.lang.Thread.run(Thread.java:748) [na:1.8.0_162]
Caused by: java.net.SocketException: Connection reset
	at java.net.SocketInputStream.read(SocketInputStream.java:210) ~[na:1.8.0_162]
	at java.net.SocketInputStream.read(SocketInputStream.java:141) ~[na:1.8.0_162]
	at java.io.BufferedInputStream.fill(BufferedInputStream.java:246) ~[na:1.8.0_162]
	at java.io.BufferedInputStream.read(BufferedInputStream.java:265) ~[na:1.8.0_162]
	at java.io.DataInputStream.readUnsignedByte(DataInputStream.java:288) ~[na:1.8.0_162]
	at com.rabbitmq.client.impl.Frame.readFrom(Frame.java:95) ~[amqp-client-3.5.1.jar:na]
	at com.rabbitmq.client.impl.SocketFrameHandler.readFrame(SocketFrameHandler.java:139) ~[amqp-client-3.5.1.jar:na]
	at com.rabbitmq.client.impl.AMQConnection$MainLoop.run(AMQConnection.java:534) ~[amqp-client-3.5.1.jar:na]
	... 1 common frames omitted
2018-01-31 09:17:37.163 [SimpleAsyncTaskExecutor-24] INFO  o.s.a.r.listener.SimpleMessageListenerContainer - Restarting Consumer: tags=[{amq.ctag-4erRURaOdnGlErFo2GwY4g=routeKey}], channel=Cached Rabbit Channel: AMQChannel(amqp://gaofei@192.168.1.223:5672/,21), acknowledgeMode=AUTO local queue size=0
2018-01-31 09:17:37.209 [SimpleAsyncTaskExecutor-1] WARN  o.s.a.r.listener.SimpleMessageListenerContainer - Consumer raised exception, processing can restart if the connection factory supports it
com.rabbitmq.client.ShutdownSignalException: connection error
	at com.rabbitmq.client.impl.AMQConnection.startShutdown(AMQConnection.java:719) ~[amqp-client-3.5.1.jar:na]
	at com.rabbitmq.client.impl.AMQConnection.shutdown(AMQConnection.java:709) ~[amqp-client-3.5.1.jar:na]
	at com.rabbitmq.client.impl.AMQConnection$MainLoop.run(AMQConnection.java:569) ~[amqp-client-3.5.1.jar:na]
	at java.lang.Thread.run(Thread.java:748) [na:1.8.0_162]
Caused by: java.net.SocketException: Connection reset
	at java.net.SocketInputStream.read(SocketInputStream.java:210) ~[na:1.8.0_162]
	at java.net.SocketInputStream.read(SocketInputStream.java:141) ~[na:1.8.0_162]
	at java.io.BufferedInputStream.fill(BufferedInputStream.java:246) ~[na:1.8.0_162]
	at java.io.BufferedInputStream.read(BufferedInputStream.java:265) ~[na:1.8.0_162]
	at java.io.DataInputStream.readUnsignedByte(DataInputStream.java:288) ~[na:1.8.0_162]
	at com.rabbitmq.client.impl.Frame.readFrom(Frame.java:95) ~[amqp-client-3.5.1.jar:na]
	at com.rabbitmq.client.impl.SocketFrameHandler.readFrame(SocketFrameHandler.java:139) ~[amqp-client-3.5.1.jar:na]
	at com.rabbitmq.client.impl.AMQConnection$MainLoop.run(AMQConnection.java:534) ~[amqp-client-3.5.1.jar:na]
	... 1 common frames omitted
2018-01-31 09:17:37.209 [SimpleAsyncTaskExecutor-1] INFO  o.s.a.r.listener.SimpleMessageListenerContainer - Restarting Consumer: tags=[{amq.ctag-_JCfEJdSU6U8hDRYnYkMnQ=routeKey}], channel=Cached Rabbit Channel: AMQChannel(amqp://gaofei@192.168.1.223:5672/,15), acknowledgeMode=AUTO local queue size=0
2018-01-31 09:17:37.296 [SimpleAsyncTaskExecutor-9] WARN  o.s.a.r.listener.SimpleMessageListenerContainer - Consumer raised exception, processing can restart if the connection factory supports it
com.rabbitmq.client.ShutdownSignalException: connection error
	at com.rabbitmq.client.impl.AMQConnection.startShutdown(AMQConnection.java:719) ~[amqp-client-3.5.1.jar:na]
	at com.rabbitmq.client.impl.AMQConnection.shutdown(AMQConnection.java:709) ~[amqp-client-3.5.1.jar:na]
	at com.rabbitmq.client.impl.AMQConnection$MainLoop.run(AMQConnection.java:569) ~[amqp-client-3.5.1.jar:na]
	at java.lang.Thread.run(Thread.java:748) [na:1.8.0_162]
Caused by: java.net.SocketException: Connection reset
	at java.net.SocketInputStream.read(SocketInputStream.java:210) ~[na:1.8.0_162]
	at java.net.SocketInputStream.read(SocketInputStream.java:141) ~[na:1.8.0_162]
	at java.io.BufferedInputStream.fill(BufferedInputStream.java:246) ~[na:1.8.0_162]
	at java.io.BufferedInputStream.read(BufferedInputStream.java:265) ~[na:1.8.0_162]
	at java.io.DataInputStream.readUnsignedByte(DataInputStream.java:288) ~[na:1.8.0_162]
	at com.rabbitmq.client.impl.Frame.readFrom(Frame.java:95) ~[amqp-client-3.5.1.jar:na]
	at com.rabbitmq.client.impl.SocketFrameHandler.readFrame(SocketFrameHandler.java:139) ~[amqp-client-3.5.1.jar:na]
	at com.rabbitmq.client.impl.AMQConnection$MainLoop.run(AMQConnection.java:534) ~[amqp-client-3.5.1.jar:na]
	... 1 common frames omitted
2018-01-31 09:17:37.297 [SimpleAsyncTaskExecutor-9] INFO  o.s.a.r.listener.SimpleMessageListenerContainer - Restarting Consumer: tags=[{amq.ctag-rMKaZ0bOndz-wiMZvbBdgg=routeKey}], channel=Cached Rabbit Channel: AMQChannel(amqp://gaofei@192.168.1.223:5672/,13), acknowledgeMode=AUTO local queue size=0
2018-01-31 09:17:37.479 [SimpleAsyncTaskExecutor-13] WARN  o.s.a.r.listener.SimpleMessageListenerContainer - Consumer raised exception, processing can restart if the connection factory supports it
com.rabbitmq.client.ShutdownSignalException: connection error
	at com.rabbitmq.client.impl.AMQConnection.startShutdown(AMQConnection.java:719) ~[amqp-client-3.5.1.jar:na]
	at com.rabbitmq.client.impl.AMQConnection.shutdown(AMQConnection.java:709) ~[amqp-client-3.5.1.jar:na]
	at com.rabbitmq.client.impl.AMQConnection$MainLoop.run(AMQConnection.java:569) ~[amqp-client-3.5.1.jar:na]
	at java.lang.Thread.run(Thread.java:748) [na:1.8.0_162]
Caused by: java.net.SocketException: Connection reset
	at java.net.SocketInputStream.read(SocketInputStream.java:210) ~[na:1.8.0_162]
	at java.net.SocketInputStream.read(SocketInputStream.java:141) ~[na:1.8.0_162]
	at java.io.BufferedInputStream.fill(BufferedInputStream.java:246) ~[na:1.8.0_162]
	at java.io.BufferedInputStream.read(BufferedInputStream.java:265) ~[na:1.8.0_162]
	at java.io.DataInputStream.readUnsignedByte(DataInputStream.java:288) ~[na:1.8.0_162]
	at com.rabbitmq.client.impl.Frame.readFrom(Frame.java:95) ~[amqp-client-3.5.1.jar:na]
	at com.rabbitmq.client.impl.SocketFrameHandler.readFrame(SocketFrameHandler.java:139) ~[amqp-client-3.5.1.jar:na]
	at com.rabbitmq.client.impl.AMQConnection$MainLoop.run(AMQConnection.java:534) ~[amqp-client-3.5.1.jar:na]
	... 1 common frames omitted
2018-01-31 09:17:37.479 [SimpleAsyncTaskExecutor-13] INFO  o.s.a.r.listener.SimpleMessageListenerContainer - Restarting Consumer: tags=[{amq.ctag-xYhHkk7P3U6r1Cn9umYNLw=routeKey}], channel=Cached Rabbit Channel: AMQChannel(amqp://gaofei@192.168.1.223:5672/,30), acknowledgeMode=AUTO local queue size=0
2018-01-31 09:17:37.532 [SimpleAsyncTaskExecutor-15] WARN  o.s.a.r.listener.SimpleMessageListenerContainer - Consumer raised exception, processing can restart if the connection factory supports it
com.rabbitmq.client.ShutdownSignalException: connection error
	at com.rabbitmq.client.impl.AMQConnection.startShutdown(AMQConnection.java:719) ~[amqp-client-3.5.1.jar:na]
	at com.rabbitmq.client.impl.AMQConnection.shutdown(AMQConnection.java:709) ~[amqp-client-3.5.1.jar:na]
	at com.rabbitmq.client.impl.AMQConnection$MainLoop.run(AMQConnection.java:569) ~[amqp-client-3.5.1.jar:na]
	at java.lang.Thread.run(Thread.java:748) [na:1.8.0_162]
Caused by: java.net.SocketException: Connection reset
	at java.net.SocketInputStream.read(SocketInputStream.java:210) ~[na:1.8.0_162]
	at java.net.SocketInputStream.read(SocketInputStream.java:141) ~[na:1.8.0_162]
	at java.io.BufferedInputStream.fill(BufferedInputStream.java:246) ~[na:1.8.0_162]
	at java.io.BufferedInputStream.read(BufferedInputStream.java:265) ~[na:1.8.0_162]
	at java.io.DataInputStream.readUnsignedByte(DataInputStream.java:288) ~[na:1.8.0_162]
	at com.rabbitmq.client.impl.Frame.readFrom(Frame.java:95) ~[amqp-client-3.5.1.jar:na]
	at com.rabbitmq.client.impl.SocketFrameHandler.readFrame(SocketFrameHandler.java:139) ~[amqp-client-3.5.1.jar:na]
	at com.rabbitmq.client.impl.AMQConnection$MainLoop.run(AMQConnection.java:534) ~[amqp-client-3.5.1.jar:na]
	... 1 common frames omitted
2018-01-31 09:17:37.532 [SimpleAsyncTaskExecutor-15] INFO  o.s.a.r.listener.SimpleMessageListenerContainer - Restarting Consumer: tags=[{amq.ctag-7VSPE46kzVfMAU5wsT3gtA=routeKey}], channel=Cached Rabbit Channel: AMQChannel(amqp://gaofei@192.168.1.223:5672/,2), acknowledgeMode=AUTO local queue size=0
2018-01-31 09:17:37.540 [SimpleAsyncTaskExecutor-11] WARN  o.s.a.r.listener.SimpleMessageListenerContainer - Consumer raised exception, processing can restart if the connection factory supports it
com.rabbitmq.client.ShutdownSignalException: connection error
	at com.rabbitmq.client.impl.AMQConnection.startShutdown(AMQConnection.java:719) ~[amqp-client-3.5.1.jar:na]
	at com.rabbitmq.client.impl.AMQConnection.shutdown(AMQConnection.java:709) ~[amqp-client-3.5.1.jar:na]
	at com.rabbitmq.client.impl.AMQConnection$MainLoop.run(AMQConnection.java:569) ~[amqp-client-3.5.1.jar:na]
	at java.lang.Thread.run(Thread.java:748) [na:1.8.0_162]
Caused by: java.net.SocketException: Connection reset
	at java.net.SocketInputStream.read(SocketInputStream.java:210) ~[na:1.8.0_162]
	at java.net.SocketInputStream.read(SocketInputStream.java:141) ~[na:1.8.0_162]
	at java.io.BufferedInputStream.fill(BufferedInputStream.java:246) ~[na:1.8.0_162]
	at java.io.BufferedInputStream.read(BufferedInputStream.java:265) ~[na:1.8.0_162]
	at java.io.DataInputStream.readUnsignedByte(DataInputStream.java:288) ~[na:1.8.0_162]
	at com.rabbitmq.client.impl.Frame.readFrom(Frame.java:95) ~[amqp-client-3.5.1.jar:na]
	at com.rabbitmq.client.impl.SocketFrameHandler.readFrame(SocketFrameHandler.java:139) ~[amqp-client-3.5.1.jar:na]
	at com.rabbitmq.client.impl.AMQConnection$MainLoop.run(AMQConnection.java:534) ~[amqp-client-3.5.1.jar:na]
	... 1 common frames omitted
2018-01-31 09:17:37.540 [SimpleAsyncTaskExecutor-11] INFO  o.s.a.r.listener.SimpleMessageListenerContainer - Restarting Consumer: tags=[{amq.ctag-PX8To2MFVLC9o2cF2iXa1Q=routeKey}], channel=Cached Rabbit Channel: AMQChannel(amqp://gaofei@192.168.1.223:5672/,6), acknowledgeMode=AUTO local queue size=0
2018-01-31 09:17:37.631 [SimpleAsyncTaskExecutor-25] WARN  o.s.a.r.listener.SimpleMessageListenerContainer - Consumer raised exception, processing can restart if the connection factory supports it
com.rabbitmq.client.ShutdownSignalException: connection error
	at com.rabbitmq.client.impl.AMQConnection.startShutdown(AMQConnection.java:719) ~[amqp-client-3.5.1.jar:na]
	at com.rabbitmq.client.impl.AMQConnection.shutdown(AMQConnection.java:709) ~[amqp-client-3.5.1.jar:na]
	at com.rabbitmq.client.impl.AMQConnection$MainLoop.run(AMQConnection.java:569) ~[amqp-client-3.5.1.jar:na]
	at java.lang.Thread.run(Thread.java:748) [na:1.8.0_162]
Caused by: java.net.SocketException: Connection reset
	at java.net.SocketInputStream.read(SocketInputStream.java:210) ~[na:1.8.0_162]
	at java.net.SocketInputStream.read(SocketInputStream.java:141) ~[na:1.8.0_162]
	at java.io.BufferedInputStream.fill(BufferedInputStream.java:246) ~[na:1.8.0_162]
	at java.io.BufferedInputStream.read(BufferedInputStream.java:265) ~[na:1.8.0_162]
	at java.io.DataInputStream.readUnsignedByte(DataInputStream.java:288) ~[na:1.8.0_162]
	at com.rabbitmq.client.impl.Frame.readFrom(Frame.java:95) ~[amqp-client-3.5.1.jar:na]
	at com.rabbitmq.client.impl.SocketFrameHandler.readFrame(SocketFrameHandler.java:139) ~[amqp-client-3.5.1.jar:na]
	at com.rabbitmq.client.impl.AMQConnection$MainLoop.run(AMQConnection.java:534) ~[amqp-client-3.5.1.jar:na]
	... 1 common frames omitted
2018-01-31 09:17:37.631 [SimpleAsyncTaskExecutor-25] INFO  o.s.a.r.listener.SimpleMessageListenerContainer - Restarting Consumer: tags=[{amq.ctag-KTUV_dUCfmbitHr0e_cdvQ=routeKey}], channel=Cached Rabbit Channel: AMQChannel(amqp://gaofei@192.168.1.223:5672/,20), acknowledgeMode=AUTO local queue size=0
2018-01-31 09:17:37.660 [SimpleAsyncTaskExecutor-12] WARN  o.s.a.r.listener.SimpleMessageListenerContainer - Consumer raised exception, processing can restart if the connection factory supports it
com.rabbitmq.client.ShutdownSignalException: connection error
	at com.rabbitmq.client.impl.AMQConnection.startShutdown(AMQConnection.java:719) ~[amqp-client-3.5.1.jar:na]
	at com.rabbitmq.client.impl.AMQConnection.shutdown(AMQConnection.java:709) ~[amqp-client-3.5.1.jar:na]
	at com.rabbitmq.client.impl.AMQConnection$MainLoop.run(AMQConnection.java:569) ~[amqp-client-3.5.1.jar:na]
	at java.lang.Thread.run(Thread.java:748) [na:1.8.0_162]
Caused by: java.net.SocketException: Connection reset
	at java.net.SocketInputStream.read(SocketInputStream.java:210) ~[na:1.8.0_162]
	at java.net.SocketInputStream.read(SocketInputStream.java:141) ~[na:1.8.0_162]
	at java.io.BufferedInputStream.fill(BufferedInputStream.java:246) ~[na:1.8.0_162]
	at java.io.BufferedInputStream.read(BufferedInputStream.java:265) ~[na:1.8.0_162]
	at java.io.DataInputStream.readUnsignedByte(DataInputStream.java:288) ~[na:1.8.0_162]
	at com.rabbitmq.client.impl.Frame.readFrom(Frame.java:95) ~[amqp-client-3.5.1.jar:na]
	at com.rabbitmq.client.impl.SocketFrameHandler.readFrame(SocketFrameHandler.java:139) ~[amqp-client-3.5.1.jar:na]
	at com.rabbitmq.client.impl.AMQConnection$MainLoop.run(AMQConnection.java:534) ~[amqp-client-3.5.1.jar:na]
	... 1 common frames omitted
2018-01-31 09:17:37.660 [SimpleAsyncTaskExecutor-12] INFO  o.s.a.r.listener.SimpleMessageListenerContainer - Restarting Consumer: tags=[{amq.ctag-j7HAQRZkR7jHB4ecy7R5gw=routeKey}], channel=Cached Rabbit Channel: AMQChannel(amqp://gaofei@192.168.1.223:5672/,19), acknowledgeMode=AUTO local queue size=0
2018-01-31 09:17:37.679 [SimpleAsyncTaskExecutor-3] WARN  o.s.a.r.listener.SimpleMessageListenerContainer - Consumer raised exception, processing can restart if the connection factory supports it
com.rabbitmq.client.ShutdownSignalException: connection error
	at com.rabbitmq.client.impl.AMQConnection.startShutdown(AMQConnection.java:719) ~[amqp-client-3.5.1.jar:na]
	at com.rabbitmq.client.impl.AMQConnection.shutdown(AMQConnection.java:709) ~[amqp-client-3.5.1.jar:na]
	at com.rabbitmq.client.impl.AMQConnection$MainLoop.run(AMQConnection.java:569) ~[amqp-client-3.5.1.jar:na]
	at java.lang.Thread.run(Thread.java:748) [na:1.8.0_162]
Caused by: java.net.SocketException: Connection reset
	at java.net.SocketInputStream.read(SocketInputStream.java:210) ~[na:1.8.0_162]
	at java.net.SocketInputStream.read(SocketInputStream.java:141) ~[na:1.8.0_162]
	at java.io.BufferedInputStream.fill(BufferedInputStream.java:246) ~[na:1.8.0_162]
	at java.io.BufferedInputStream.read(BufferedInputStream.java:265) ~[na:1.8.0_162]
	at java.io.DataInputStream.readUnsignedByte(DataInputStream.java:288) ~[na:1.8.0_162]
	at com.rabbitmq.client.impl.Frame.readFrom(Frame.java:95) ~[amqp-client-3.5.1.jar:na]
	at com.rabbitmq.client.impl.SocketFrameHandler.readFrame(SocketFrameHandler.java:139) ~[amqp-client-3.5.1.jar:na]
	at com.rabbitmq.client.impl.AMQConnection$MainLoop.run(AMQConnection.java:534) ~[amqp-client-3.5.1.jar:na]
	... 1 common frames omitted
2018-01-31 09:17:37.679 [SimpleAsyncTaskExecutor-3] INFO  o.s.a.r.listener.SimpleMessageListenerContainer - Restarting Consumer: tags=[{amq.ctag-2bzywT8qSPCfmAZ8TM0YBw=routeKey}], channel=Cached Rabbit Channel: AMQChannel(amqp://gaofei@192.168.1.223:5672/,1), acknowledgeMode=AUTO local queue size=0
2018-01-31 09:17:37.729 [SimpleAsyncTaskExecutor-19] WARN  o.s.a.r.listener.SimpleMessageListenerContainer - Consumer raised exception, processing can restart if the connection factory supports it
com.rabbitmq.client.ShutdownSignalException: connection error
	at com.rabbitmq.client.impl.AMQConnection.startShutdown(AMQConnection.java:719) ~[amqp-client-3.5.1.jar:na]
	at com.rabbitmq.client.impl.AMQConnection.shutdown(AMQConnection.java:709) ~[amqp-client-3.5.1.jar:na]
	at com.rabbitmq.client.impl.AMQConnection$MainLoop.run(AMQConnection.java:569) ~[amqp-client-3.5.1.jar:na]
	at java.lang.Thread.run(Thread.java:748) [na:1.8.0_162]
Caused by: java.net.SocketException: Connection reset
	at java.net.SocketInputStream.read(SocketInputStream.java:210) ~[na:1.8.0_162]
	at java.net.SocketInputStream.read(SocketInputStream.java:141) ~[na:1.8.0_162]
	at java.io.BufferedInputStream.fill(BufferedInputStream.java:246) ~[na:1.8.0_162]
	at java.io.BufferedInputStream.read(BufferedInputStream.java:265) ~[na:1.8.0_162]
	at java.io.DataInputStream.readUnsignedByte(DataInputStream.java:288) ~[na:1.8.0_162]
	at com.rabbitmq.client.impl.Frame.readFrom(Frame.java:95) ~[amqp-client-3.5.1.jar:na]
	at com.rabbitmq.client.impl.SocketFrameHandler.readFrame(SocketFrameHandler.java:139) ~[amqp-client-3.5.1.jar:na]
	at com.rabbitmq.client.impl.AMQConnection$MainLoop.run(AMQConnection.java:534) ~[amqp-client-3.5.1.jar:na]
	... 1 common frames omitted
2018-01-31 09:17:37.729 [SimpleAsyncTaskExecutor-19] INFO  o.s.a.r.listener.SimpleMessageListenerContainer - Restarting Consumer: tags=[{amq.ctag-XUXO3vV21r4bYlOekr55pw=routeKey}], channel=Cached Rabbit Channel: AMQChannel(amqp://gaofei@192.168.1.223:5672/,3), acknowledgeMode=AUTO local queue size=0
2018-01-31 09:17:37.754 [SimpleAsyncTaskExecutor-8] WARN  o.s.a.r.listener.SimpleMessageListenerContainer - Consumer raised exception, processing can restart if the connection factory supports it
com.rabbitmq.client.ShutdownSignalException: connection error
	at com.rabbitmq.client.impl.AMQConnection.startShutdown(AMQConnection.java:719) ~[amqp-client-3.5.1.jar:na]
	at com.rabbitmq.client.impl.AMQConnection.shutdown(AMQConnection.java:709) ~[amqp-client-3.5.1.jar:na]
	at com.rabbitmq.client.impl.AMQConnection$MainLoop.run(AMQConnection.java:569) ~[amqp-client-3.5.1.jar:na]
	at java.lang.Thread.run(Thread.java:748) [na:1.8.0_162]
Caused by: java.net.SocketException: Connection reset
	at java.net.SocketInputStream.read(SocketInputStream.java:210) ~[na:1.8.0_162]
	at java.net.SocketInputStream.read(SocketInputStream.java:141) ~[na:1.8.0_162]
	at java.io.BufferedInputStream.fill(BufferedInputStream.java:246) ~[na:1.8.0_162]
	at java.io.BufferedInputStream.read(BufferedInputStream.java:265) ~[na:1.8.0_162]
	at java.io.DataInputStream.readUnsignedByte(DataInputStream.java:288) ~[na:1.8.0_162]
	at com.rabbitmq.client.impl.Frame.readFrom(Frame.java:95) ~[amqp-client-3.5.1.jar:na]
	at com.rabbitmq.client.impl.SocketFrameHandler.readFrame(SocketFrameHandler.java:139) ~[amqp-client-3.5.1.jar:na]
	at com.rabbitmq.client.impl.AMQConnection$MainLoop.run(AMQConnection.java:534) ~[amqp-client-3.5.1.jar:na]
	... 1 common frames omitted
2018-01-31 09:17:37.754 [SimpleAsyncTaskExecutor-8] INFO  o.s.a.r.listener.SimpleMessageListenerContainer - Restarting Consumer: tags=[{amq.ctag-K-pbcGuWG_zJv58uoGxvQg=routeKey}], channel=Cached Rabbit Channel: AMQChannel(amqp://gaofei@192.168.1.223:5672/,25), acknowledgeMode=AUTO local queue size=0
2018-01-31 09:17:37.778 [SimpleAsyncTaskExecutor-7] WARN  o.s.a.r.listener.SimpleMessageListenerContainer - Consumer raised exception, processing can restart if the connection factory supports it
com.rabbitmq.client.ShutdownSignalException: connection error
	at com.rabbitmq.client.impl.AMQConnection.startShutdown(AMQConnection.java:719) ~[amqp-client-3.5.1.jar:na]
	at com.rabbitmq.client.impl.AMQConnection.shutdown(AMQConnection.java:709) ~[amqp-client-3.5.1.jar:na]
	at com.rabbitmq.client.impl.AMQConnection$MainLoop.run(AMQConnection.java:569) ~[amqp-client-3.5.1.jar:na]
	at java.lang.Thread.run(Thread.java:748) [na:1.8.0_162]
Caused by: java.net.SocketException: Connection reset
	at java.net.SocketInputStream.read(SocketInputStream.java:210) ~[na:1.8.0_162]
	at java.net.SocketInputStream.read(SocketInputStream.java:141) ~[na:1.8.0_162]
	at java.io.BufferedInputStream.fill(BufferedInputStream.java:246) ~[na:1.8.0_162]
	at java.io.BufferedInputStream.read(BufferedInputStream.java:265) ~[na:1.8.0_162]
	at java.io.DataInputStream.readUnsignedByte(DataInputStream.java:288) ~[na:1.8.0_162]
	at com.rabbitmq.client.impl.Frame.readFrom(Frame.java:95) ~[amqp-client-3.5.1.jar:na]
	at com.rabbitmq.client.impl.SocketFrameHandler.readFrame(SocketFrameHandler.java:139) ~[amqp-client-3.5.1.jar:na]
	at com.rabbitmq.client.impl.AMQConnection$MainLoop.run(AMQConnection.java:534) ~[amqp-client-3.5.1.jar:na]
	... 1 common frames omitted
2018-01-31 09:17:37.778 [SimpleAsyncTaskExecutor-7] INFO  o.s.a.r.listener.SimpleMessageListenerContainer - Restarting Consumer: tags=[{amq.ctag-4FfgqnLsC-ruuoSy3n-v8g=routeKey}], channel=Cached Rabbit Channel: AMQChannel(amqp://gaofei@192.168.1.223:5672/,17), acknowledgeMode=AUTO local queue size=0
2018-01-31 09:17:37.778 [SimpleAsyncTaskExecutor-23] WARN  o.s.a.r.listener.SimpleMessageListenerContainer - Consumer raised exception, processing can restart if the connection factory supports it
com.rabbitmq.client.ShutdownSignalException: connection error
	at com.rabbitmq.client.impl.AMQConnection.startShutdown(AMQConnection.java:719) ~[amqp-client-3.5.1.jar:na]
	at com.rabbitmq.client.impl.AMQConnection.shutdown(AMQConnection.java:709) ~[amqp-client-3.5.1.jar:na]
	at com.rabbitmq.client.impl.AMQConnection$MainLoop.run(AMQConnection.java:569) ~[amqp-client-3.5.1.jar:na]
	at java.lang.Thread.run(Thread.java:748) [na:1.8.0_162]
Caused by: java.net.SocketException: Connection reset
	at java.net.SocketInputStream.read(SocketInputStream.java:210) ~[na:1.8.0_162]
	at java.net.SocketInputStream.read(SocketInputStream.java:141) ~[na:1.8.0_162]
	at java.io.BufferedInputStream.fill(BufferedInputStream.java:246) ~[na:1.8.0_162]
	at java.io.BufferedInputStream.read(BufferedInputStream.java:265) ~[na:1.8.0_162]
	at java.io.DataInputStream.readUnsignedByte(DataInputStream.java:288) ~[na:1.8.0_162]
	at com.rabbitmq.client.impl.Frame.readFrom(Frame.java:95) ~[amqp-client-3.5.1.jar:na]
	at com.rabbitmq.client.impl.SocketFrameHandler.readFrame(SocketFrameHandler.java:139) ~[amqp-client-3.5.1.jar:na]
	at com.rabbitmq.client.impl.AMQConnection$MainLoop.run(AMQConnection.java:534) ~[amqp-client-3.5.1.jar:na]
	... 1 common frames omitted
2018-01-31 09:17:37.779 [SimpleAsyncTaskExecutor-23] INFO  o.s.a.r.listener.SimpleMessageListenerContainer - Restarting Consumer: tags=[{amq.ctag-3Td3cyRCNZpcWDY-y62CaQ=routeKey}], channel=Cached Rabbit Channel: AMQChannel(amqp://gaofei@192.168.1.223:5672/,4), acknowledgeMode=AUTO local queue size=0
2018-01-31 09:17:57.795 [SimpleAsyncTaskExecutor-31] ERROR o.s.a.r.listener.SimpleMessageListenerContainer - Failed to check/redeclare auto-delete queue(s).
org.springframework.amqp.AmqpConnectException: java.net.ConnectException: Connection timed out: connect
	at org.springframework.amqp.rabbit.support.RabbitExceptionTranslator.convertRabbitAccessException(RabbitExceptionTranslator.java:54) ~[spring-rabbit-1.4.5.RELEASE.jar:na]
	at org.springframework.amqp.rabbit.connection.AbstractConnectionFactory.createBareConnection(AbstractConnectionFactory.java:217) ~[spring-rabbit-1.4.5.RELEASE.jar:na]
	at org.springframework.amqp.rabbit.connection.CachingConnectionFactory.createConnection(CachingConnectionFactory.java:444) ~[spring-rabbit-1.4.5.RELEASE.jar:na]
	at org.springframework.amqp.rabbit.connection.CachingConnectionFactory.createBareChannel(CachingConnectionFactory.java:391) ~[spring-rabbit-1.4.5.RELEASE.jar:na]
	at org.springframework.amqp.rabbit.connection.CachingConnectionFactory.getCachedChannelProxy(CachingConnectionFactory.java:364) ~[spring-rabbit-1.4.5.RELEASE.jar:na]
	at org.springframework.amqp.rabbit.connection.CachingConnectionFactory.getChannel(CachingConnectionFactory.java:357) ~[spring-rabbit-1.4.5.RELEASE.jar:na]
	at org.springframework.amqp.rabbit.connection.CachingConnectionFactory.access$1100(CachingConnectionFactory.java:75) ~[spring-rabbit-1.4.5.RELEASE.jar:na]
	at org.springframework.amqp.rabbit.connection.CachingConnectionFactory$ChannelCachingConnectionProxy.createChannel(CachingConnectionFactory.java:763) ~[spring-rabbit-1.4.5.RELEASE.jar:na]
	at org.springframework.amqp.rabbit.connection.ConnectionFactoryUtils$1.createChannel(ConnectionFactoryUtils.java:85) ~[spring-rabbit-1.4.5.RELEASE.jar:na]
	at org.springframework.amqp.rabbit.connection.ConnectionFactoryUtils.doGetTransactionalResourceHolder(ConnectionFactoryUtils.java:134) ~[spring-rabbit-1.4.5.RELEASE.jar:na]
	at org.springframework.amqp.rabbit.connection.ConnectionFactoryUtils.getTransactionalResourceHolder(ConnectionFactoryUtils.java:67) ~[spring-rabbit-1.4.5.RELEASE.jar:na]
	at org.springframework.amqp.rabbit.core.RabbitTemplate.doExecute(RabbitTemplate.java:1035) ~[spring-rabbit-1.4.5.RELEASE.jar:na]
	at org.springframework.amqp.rabbit.core.RabbitTemplate.execute(RabbitTemplate.java:1028) ~[spring-rabbit-1.4.5.RELEASE.jar:na]
	at org.springframework.amqp.rabbit.core.RabbitTemplate.execute(RabbitTemplate.java:1004) ~[spring-rabbit-1.4.5.RELEASE.jar:na]
	at org.springframework.amqp.rabbit.core.RabbitAdmin.getQueueProperties(RabbitAdmin.java:254) ~[spring-rabbit-1.4.5.RELEASE.jar:na]
	at org.springframework.amqp.rabbit.listener.SimpleMessageListenerContainer.redeclareElementsIfNecessary(SimpleMessageListenerContainer.java:963) [spring-rabbit-1.4.5.RELEASE.jar:na]
	at org.springframework.amqp.rabbit.listener.SimpleMessageListenerContainer.access$300(SimpleMessageListenerContainer.java:83) [spring-rabbit-1.4.5.RELEASE.jar:na]
	at org.springframework.amqp.rabbit.listener.SimpleMessageListenerContainer$AsyncMessageProcessingConsumer.run(SimpleMessageListenerContainer.java:1081) [spring-rabbit-1.4.5.RELEASE.jar:na]
	at java.lang.Thread.run(Thread.java:748) [na:1.8.0_162]
Caused by: java.net.ConnectException: Connection timed out: connect
	at java.net.DualStackPlainSocketImpl.connect0(Native Method) ~[na:1.8.0_162]
	at java.net.DualStackPlainSocketImpl.socketConnect(DualStackPlainSocketImpl.java:79) ~[na:1.8.0_162]
	at java.net.AbstractPlainSocketImpl.doConnect(AbstractPlainSocketImpl.java:350) ~[na:1.8.0_162]
	at java.net.AbstractPlainSocketImpl.connectToAddress(AbstractPlainSocketImpl.java:206) ~[na:1.8.0_162]
	at java.net.AbstractPlainSocketImpl.connect(AbstractPlainSocketImpl.java:188) ~[na:1.8.0_162]
	at java.net.PlainSocketImpl.connect(PlainSocketImpl.java:172) ~[na:1.8.0_162]
	at java.net.SocksSocketImpl.connect(SocksSocketImpl.java:392) ~[na:1.8.0_162]
	at java.net.Socket.connect(Socket.java:589) ~[na:1.8.0_162]
	at com.rabbitmq.client.impl.FrameHandlerFactory.create(FrameHandlerFactory.java:32) ~[amqp-client-3.5.1.jar:na]
	at com.rabbitmq.client.ConnectionFactory.newConnection(ConnectionFactory.java:601) ~[amqp-client-3.5.1.jar:na]
	at com.rabbitmq.client.ConnectionFactory.newConnection(ConnectionFactory.java:637) ~[amqp-client-3.5.1.jar:na]
	at org.springframework.amqp.rabbit.connection.AbstractConnectionFactory.createBareConnection(AbstractConnectionFactory.java:208) ~[spring-rabbit-1.4.5.RELEASE.jar:na]
	... 17 common frames omitted
2018-01-31 09:18:23.798 [SimpleAsyncTaskExecutor-31] WARN  o.s.a.r.listener.SimpleMessageListenerContainer - Consumer raised exception, processing can restart if the connection factory supports it. Exception summary: org.springframework.amqp.AmqpConnectException: java.net.ConnectException: Connection timed out: connect
2018-01-31 09:18:23.798 [SimpleAsyncTaskExecutor-31] INFO  o.s.a.r.listener.SimpleMessageListenerContainer - Restarting Consumer: tags=[{}], channel=null, acknowledgeMode=AUTO local queue size=0
2018-01-31 09:18:39.797 [SimpleAsyncTaskExecutor-60] ERROR o.s.a.r.listener.SimpleMessageListenerContainer - Failed to check/redeclare auto-delete queue(s).
org.springframework.amqp.AmqpConnectException: java.net.ConnectException: Connection timed out: connect
	at org.springframework.amqp.rabbit.support.RabbitExceptionTranslator.convertRabbitAccessException(RabbitExceptionTranslator.java:54) ~[spring-rabbit-1.4.5.RELEASE.jar:na]
	at org.springframework.amqp.rabbit.connection.AbstractConnectionFactory.createBareConnection(AbstractConnectionFactory.java:217) ~[spring-rabbit-1.4.5.RELEASE.jar:na]
	at org.springframework.amqp.rabbit.connection.CachingConnectionFactory.createConnection(CachingConnectionFactory.java:444) ~[spring-rabbit-1.4.5.RELEASE.jar:na]
	at org.springframework.amqp.rabbit.connection.ConnectionFactoryUtils$1.createConnection(ConnectionFactoryUtils.java:80) ~[spring-rabbit-1.4.5.RELEASE.jar:na]
	at org.springframework.amqp.rabbit.connection.ConnectionFactoryUtils.doGetTransactionalResourceHolder(ConnectionFactoryUtils.java:130) ~[spring-rabbit-1.4.5.RELEASE.jar:na]
	at org.springframework.amqp.rabbit.connection.ConnectionFactoryUtils.getTransactionalResourceHolder(ConnectionFactoryUtils.java:67) ~[spring-rabbit-1.4.5.RELEASE.jar:na]
	at org.springframework.amqp.rabbit.core.RabbitTemplate.doExecute(RabbitTemplate.java:1035) ~[spring-rabbit-1.4.5.RELEASE.jar:na]
	at org.springframework.amqp.rabbit.core.RabbitTemplate.execute(RabbitTemplate.java:1028) ~[spring-rabbit-1.4.5.RELEASE.jar:na]
	at org.springframework.amqp.rabbit.core.RabbitTemplate.execute(RabbitTemplate.java:1004) ~[spring-rabbit-1.4.5.RELEASE.jar:na]
	at org.springframework.amqp.rabbit.core.RabbitAdmin.getQueueProperties(RabbitAdmin.java:254) ~[spring-rabbit-1.4.5.RELEASE.jar:na]
	at org.springframework.amqp.rabbit.listener.SimpleMessageListenerContainer.redeclareElementsIfNecessary(SimpleMessageListenerContainer.java:963) [spring-rabbit-1.4.5.RELEASE.jar:na]
	at org.springframework.amqp.rabbit.listener.SimpleMessageListenerContainer.access$300(SimpleMessageListenerContainer.java:83) [spring-rabbit-1.4.5.RELEASE.jar:na]
	at org.springframework.amqp.rabbit.listener.SimpleMessageListenerContainer$AsyncMessageProcessingConsumer.run(SimpleMessageListenerContainer.java:1081) [spring-rabbit-1.4.5.RELEASE.jar:na]
	at java.lang.Thread.run(Thread.java:748) [na:1.8.0_162]
Caused by: java.net.ConnectException: Connection timed out: connect
	at java.net.DualStackPlainSocketImpl.connect0(Native Method) ~[na:1.8.0_162]
	at java.net.DualStackPlainSocketImpl.socketConnect(DualStackPlainSocketImpl.java:79) ~[na:1.8.0_162]
	at java.net.AbstractPlainSocketImpl.doConnect(AbstractPlainSocketImpl.java:350) ~[na:1.8.0_162]
	at java.net.AbstractPlainSocketImpl.connectToAddress(AbstractPlainSocketImpl.java:206) ~[na:1.8.0_162]
	at java.net.AbstractPlainSocketImpl.connect(AbstractPlainSocketImpl.java:188) ~[na:1.8.0_162]
	at java.net.PlainSocketImpl.connect(PlainSocketImpl.java:172) ~[na:1.8.0_162]
	at java.net.SocksSocketImpl.connect(SocksSocketImpl.java:392) ~[na:1.8.0_162]
	at java.net.Socket.connect(Socket.java:589) ~[na:1.8.0_162]
	at com.rabbitmq.client.impl.FrameHandlerFactory.create(FrameHandlerFactory.java:32) ~[amqp-client-3.5.1.jar:na]
	at com.rabbitmq.client.ConnectionFactory.newConnection(ConnectionFactory.java:601) ~[amqp-client-3.5.1.jar:na]
	at com.rabbitmq.client.ConnectionFactory.newConnection(ConnectionFactory.java:637) ~[amqp-client-3.5.1.jar:na]
	at org.springframework.amqp.rabbit.connection.AbstractConnectionFactory.createBareConnection(AbstractConnectionFactory.java:208) ~[spring-rabbit-1.4.5.RELEASE.jar:na]
	... 12 common frames omitted
2018-01-31 09:19:05.803 [SimpleAsyncTaskExecutor-60] WARN  o.s.a.r.listener.SimpleMessageListenerContainer - Consumer raised exception, processing can restart if the connection factory supports it. Exception summary: org.springframework.amqp.AmqpConnectException: java.net.ConnectException: Connection timed out: connect
2018-01-31 09:19:05.803 [SimpleAsyncTaskExecutor-60] INFO  o.s.a.r.listener.SimpleMessageListenerContainer - Restarting Consumer: tags=[{}], channel=null, acknowledgeMode=AUTO local queue size=0
2018-01-31 09:19:21.796 [SimpleAsyncTaskExecutor-59] ERROR o.s.a.r.listener.SimpleMessageListenerContainer - Failed to check/redeclare auto-delete queue(s).
org.springframework.amqp.AmqpConnectException: java.net.ConnectException: Connection timed out: connect
	at org.springframework.amqp.rabbit.support.RabbitExceptionTranslator.convertRabbitAccessException(RabbitExceptionTranslator.java:54) ~[spring-rabbit-1.4.5.RELEASE.jar:na]
	at org.springframework.amqp.rabbit.connection.AbstractConnectionFactory.createBareConnection(AbstractConnectionFactory.java:217) ~[spring-rabbit-1.4.5.RELEASE.jar:na]
	at org.springframework.amqp.rabbit.connection.CachingConnectionFactory.createConnection(CachingConnectionFactory.java:444) ~[spring-rabbit-1.4.5.RELEASE.jar:na]
	at org.springframework.amqp.rabbit.connection.ConnectionFactoryUtils$1.createConnection(ConnectionFactoryUtils.java:80) ~[spring-rabbit-1.4.5.RELEASE.jar:na]
	at org.springframework.amqp.rabbit.connection.ConnectionFactoryUtils.doGetTransactionalResourceHolder(ConnectionFactoryUtils.java:130) ~[spring-rabbit-1.4.5.RELEASE.jar:na]
	at org.springframework.amqp.rabbit.connection.ConnectionFactoryUtils.getTransactionalResourceHolder(ConnectionFactoryUtils.java:67) ~[spring-rabbit-1.4.5.RELEASE.jar:na]
	at org.springframework.amqp.rabbit.core.RabbitTemplate.doExecute(RabbitTemplate.java:1035) ~[spring-rabbit-1.4.5.RELEASE.jar:na]
	at org.springframework.amqp.rabbit.core.RabbitTemplate.execute(RabbitTemplate.java:1028) ~[spring-rabbit-1.4.5.RELEASE.jar:na]
	at org.springframework.amqp.rabbit.core.RabbitTemplate.execute(RabbitTemplate.java:1004) ~[spring-rabbit-1.4.5.RELEASE.jar:na]
	at org.springframework.amqp.rabbit.core.RabbitAdmin.getQueueProperties(RabbitAdmin.java:254) ~[spring-rabbit-1.4.5.RELEASE.jar:na]
	at org.springframework.amqp.rabbit.listener.SimpleMessageListenerContainer.redeclareElementsIfNecessary(SimpleMessageListenerContainer.java:963) [spring-rabbit-1.4.5.RELEASE.jar:na]
	at org.springframework.amqp.rabbit.listener.SimpleMessageListenerContainer.access$300(SimpleMessageListenerContainer.java:83) [spring-rabbit-1.4.5.RELEASE.jar:na]
	at org.springframework.amqp.rabbit.listener.SimpleMessageListenerContainer$AsyncMessageProcessingConsumer.run(SimpleMessageListenerContainer.java:1081) [spring-rabbit-1.4.5.RELEASE.jar:na]
	at java.lang.Thread.run(Thread.java:748) [na:1.8.0_162]
Caused by: java.net.ConnectException: Connection timed out: connect
	at java.net.DualStackPlainSocketImpl.connect0(Native Method) ~[na:1.8.0_162]
	at java.net.DualStackPlainSocketImpl.socketConnect(DualStackPlainSocketImpl.java:79) ~[na:1.8.0_162]
	at java.net.AbstractPlainSocketImpl.doConnect(AbstractPlainSocketImpl.java:350) ~[na:1.8.0_162]
	at java.net.AbstractPlainSocketImpl.connectToAddress(AbstractPlainSocketImpl.java:206) ~[na:1.8.0_162]
	at java.net.AbstractPlainSocketImpl.connect(AbstractPlainSocketImpl.java:188) ~[na:1.8.0_162]
	at java.net.PlainSocketImpl.connect(PlainSocketImpl.java:172) ~[na:1.8.0_162]
	at java.net.SocksSocketImpl.connect(SocksSocketImpl.java:392) ~[na:1.8.0_162]
	at java.net.Socket.connect(Socket.java:589) ~[na:1.8.0_162]
	at com.rabbitmq.client.impl.FrameHandlerFactory.create(FrameHandlerFactory.java:32) ~[amqp-client-3.5.1.jar:na]
	at com.rabbitmq.client.ConnectionFactory.newConnection(ConnectionFactory.java:601) ~[amqp-client-3.5.1.jar:na]
	at com.rabbitmq.client.ConnectionFactory.newConnection(ConnectionFactory.java:637) ~[amqp-client-3.5.1.jar:na]
	at org.springframework.amqp.rabbit.connection.AbstractConnectionFactory.createBareConnection(AbstractConnectionFactory.java:208) ~[spring-rabbit-1.4.5.RELEASE.jar:na]
	... 12 common frames omitted
2018-01-31 09:19:21.804 [SimpleAsyncTaskExecutor-59] INFO  o.s.a.rabbit.connection.CachingConnectionFactory - Created new connection: SimpleConnection@5a5a5d29 [delegate=amqp://gaofei@192.168.1.223:5672/]
